Symlinking /home/eh420/catkin_ws_ov_rgbd/devel/include/octomap_server/OctomapServerConfig.h
Symlinking /home/eh420/catkin_ws_ov_rgbd/devel/share/octomap_server/docs/OctomapServerConfig.dox
Symlinking /home/eh420/catkin_ws_ov_rgbd/devel/share/octomap_server/docs/OctomapServerConfig-usage.dox
Symlinking /home/eh420/catkin_ws_ov_rgbd/devel/share/octomap_server/docs/OctomapServerConfig.wikidoc
Symlinking /home/eh420/catkin_ws_ov_rgbd/devel/share/octomap_server/cmake/octomap_serverConfig.cmake
Symlinking /home/eh420/catkin_ws_ov_rgbd/devel/share/octomap_server/cmake/octomap_serverConfig-version.cmake
Symlinking /home/eh420/catkin_ws_ov_rgbd/devel/lib/liboctomap_server_color.so
Symlinking /home/eh420/catkin_ws_ov_rgbd/devel/lib/liboctomap_server.so
Symlinking /home/eh420/catkin_ws_ov_rgbd/devel/lib/liboctomap_server_nodelet.so
Symlinking /home/eh420/catkin_ws_ov_rgbd/devel/lib/liboctomap_color_server_nodelet.so
Symlinking /home/eh420/catkin_ws_ov_rgbd/devel/lib/pkgconfig/octomap_server.pc
Symlinking /home/eh420/catkin_ws_ov_rgbd/devel/lib/python2.7/dist-packages/octomap_server/__init__.py
Symlinking /home/eh420/catkin_ws_ov_rgbd/devel/lib/python2.7/dist-packages/octomap_server/cfg/__init__.py
Symlinking /home/eh420/catkin_ws_ov_rgbd/devel/lib/python2.7/dist-packages/octomap_server/cfg/OctomapServerConfig.py
Symlinking /home/eh420/catkin_ws_ov_rgbd/devel/lib/octomap_server/octomap_server_static
Symlinking /home/eh420/catkin_ws_ov_rgbd/devel/lib/octomap_server/octomap_saver
Symlinking /home/eh420/catkin_ws_ov_rgbd/devel/lib/octomap_server/octomap_server_multilayer
Symlinking /home/eh420/catkin_ws_ov_rgbd/devel/lib/octomap_server/octomap_tracking_server_node
Symlinking /home/eh420/catkin_ws_ov_rgbd/devel/lib/octomap_server/octomap_color_server_node
Symlinking /home/eh420/catkin_ws_ov_rgbd/devel/lib/octomap_server/octomap_server_node
